<?xml version="1.0" encoding="UTF-8"?>
<!-- Generated by org.testng.reporters.JUnitXMLReporter -->
<testsuite hostname="DESKTOP-NFCUDP0" failures="0" tests="5" name="Default test" time="57.634" errors="0" timestamp="5 Dec 2022 06:49:50 GMT">
  <testcase classname="com.smartcitywebadmin.AdminloginClass" name="CheckPageURL" time="0.017"/>
  <testcase classname="com.smartcitywebadmin.AdminloginClass" name="forgottpasswordLink" time="0.036"/>
  <testcase classname="com.smartcitywebadmin.AdminloginClass" name="InsertCredentials" time="1.621"/>
  <testcase classname="com.smartcitywebadmin.AdminloginClass" name="ParkingDashboard" time="10.414"/>
  <testcase classname="com.smartcitywebadmin.AdminloginClass" name="Logout_successfully" time="0.218"/>
</testsuite> <!-- Default test -->
