<?xml version="1.0" encoding="UTF-8"?>
<!-- Generated by org.testng.reporters.JUnitXMLReporter -->
<testsuite hostname="DESKTOP-NFCUDP0" failures="0" tests="9" name="Default test" time="172.411" errors="0" timestamp="5 Dec 2022 09:57:07 GMT">
  <testcase classname="com.smartcitywebadmin.AdminManageLocationClass" name="InsertCredentials" time="2.571"/>
  <testcase classname="com.smartcitywebadmin.AdminloginClass" name="CheckPageURL" time="0.024"/>
  <testcase classname="com.smartcitywebadmin.AdminManageLocationClass" name="classlocationpage" time="0.371"/>
  <testcase classname="com.smartcitywebadmin.AdminloginClass" name="forgottpasswordLink" time="0.024"/>
  <testcase classname="com.smartcitywebadmin.AdminloginClass" name="InsertCredentials" time="1.955"/>
  <testcase classname="com.smartcitywebadmin.AdminloginClass" name="ParkingDashboard" time="10.411"/>
  <testcase classname="com.smartcitywebadmin.AdminloginClass" name="createcountry" time="33.948"/>
  <testcase classname="com.smartcitywebadmin.AdminloginClass" name="DeleteCountry" time="71.544"/>
  <testcase classname="com.smartcitywebadmin.AdminloginClass" name="Logout_successfully" time="0.461"/>
</testsuite> <!-- Default test -->
