<?xml version="1.0" encoding="UTF-8"?>
<testng-results total="9" passed="9" failed="0" skipped="0">
  <reporter-output>
  </reporter-output>
  <suite started-at="2022-12-05T09:54:14Z" name="Default suite" finished-at="2022-12-05T09:57:07Z" duration-ms="172411">
    <groups>
      <group name="Smoke">
        <method signature="AdminloginClass.CheckPageURL()[pri:1, instance:com.smartcitywebadmin.AdminloginClass@7ef82753]" name="CheckPageURL" class="com.smartcitywebadmin.AdminloginClass"/>
        <method signature="AdminloginClass.forgottpasswordLink()[pri:2, instance:com.smartcitywebadmin.AdminloginClass@7ef82753]" name="forgottpasswordLink" class="com.smartcitywebadmin.AdminloginClass"/>
      </group> <!-- Smoke -->
    </groups>
    <test started-at="2022-12-05T09:54:14Z" name="Default test" finished-at="2022-12-05T09:57:07Z" duration-ms="172411">
      <class name="com.smartcitywebadmin.AdminManageLocationClass">
        <test-method is-config="true" signature="launchBrowser()[pri:0, instance:com.smartcitywebadmin.AdminManageLocationClass@3e27ba32]" started-at="2022-12-05T15:24:14Z" name="launchBrowser" finished-at="2022-12-05T15:24:40Z" duration-ms="25512" status="PASS">
          <reporter-output>
          </reporter-output>
        </test-method> <!-- launchBrowser -->
        <test-method is-config="true" signature="launchBrowser()[pri:0, instance:com.smartcitywebadmin.AdminloginClass@7ef82753]" started-at="2022-12-05T15:24:40Z" name="launchBrowser" finished-at="2022-12-05T15:25:05Z" duration-ms="25349" status="PASS">
          <reporter-output>
          </reporter-output>
        </test-method> <!-- launchBrowser -->
        <test-method signature="InsertCredentials()[pri:1, instance:com.smartcitywebadmin.AdminManageLocationClass@3e27ba32]" started-at="2022-12-05T15:25:05Z" name="InsertCredentials" finished-at="2022-12-05T15:25:08Z" duration-ms="2571" status="PASS">
          <reporter-output>
          </reporter-output>
        </test-method> <!-- InsertCredentials -->
        <test-method signature="classlocationpage()[pri:2, instance:com.smartcitywebadmin.AdminManageLocationClass@3e27ba32]" started-at="2022-12-05T15:25:08Z" name="classlocationpage" finished-at="2022-12-05T15:25:08Z" duration-ms="371" status="PASS">
          <reporter-output>
          </reporter-output>
        </test-method> <!-- classlocationpage -->
      </class> <!-- com.smartcitywebadmin.AdminManageLocationClass -->
      <class name="com.smartcitywebadmin.AdminloginClass">
        <test-method signature="CheckPageURL()[pri:1, instance:com.smartcitywebadmin.AdminloginClass@7ef82753]" started-at="2022-12-05T15:25:08Z" name="CheckPageURL" description="Check URL" finished-at="2022-12-05T15:25:08Z" duration-ms="24" status="PASS">
          <reporter-output>
          </reporter-output>
        </test-method> <!-- CheckPageURL -->
        <test-method signature="forgottpasswordLink()[pri:2, instance:com.smartcitywebadmin.AdminloginClass@7ef82753]" started-at="2022-12-05T15:25:08Z" name="forgottpasswordLink" finished-at="2022-12-05T15:25:08Z" duration-ms="24" status="PASS">
          <reporter-output>
          </reporter-output>
        </test-method> <!-- forgottpasswordLink -->
        <test-method signature="InsertCredentials()[pri:3, instance:com.smartcitywebadmin.AdminloginClass@7ef82753]" started-at="2022-12-05T15:25:08Z" name="InsertCredentials" finished-at="2022-12-05T15:25:10Z" duration-ms="1955" status="PASS">
          <reporter-output>
          </reporter-output>
        </test-method> <!-- InsertCredentials -->
        <test-method signature="ParkingDashboard()[pri:4, instance:com.smartcitywebadmin.AdminloginClass@7ef82753]" started-at="2022-12-05T15:25:10Z" name="ParkingDashboard" finished-at="2022-12-05T15:25:20Z" duration-ms="10411" status="PASS">
          <reporter-output>
          </reporter-output>
        </test-method> <!-- ParkingDashboard -->
        <test-method signature="createcountry()[pri:5, instance:com.smartcitywebadmin.AdminloginClass@7ef82753]" started-at="2022-12-05T15:25:20Z" name="createcountry" finished-at="2022-12-05T15:25:54Z" duration-ms="33948" status="PASS">
          <reporter-output>
          </reporter-output>
        </test-method> <!-- createcountry -->
        <test-method signature="DeleteCountry()[pri:6, instance:com.smartcitywebadmin.AdminloginClass@7ef82753]" started-at="2022-12-05T15:25:54Z" name="DeleteCountry" finished-at="2022-12-05T15:27:06Z" duration-ms="71544" status="PASS">
          <reporter-output>
          </reporter-output>
        </test-method> <!-- DeleteCountry -->
        <test-method signature="Logout_successfully()[pri:7, instance:com.smartcitywebadmin.AdminloginClass@7ef82753]" started-at="2022-12-05T15:27:06Z" name="Logout_successfully" finished-at="2022-12-05T15:27:06Z" duration-ms="461" status="PASS">
          <reporter-output>
          </reporter-output>
        </test-method> <!-- Logout_successfully -->
        <test-method is-config="true" signature="terminateBrowser()[pri:0, instance:com.smartcitywebadmin.AdminloginClass@7ef82753]" started-at="2022-12-05T15:27:06Z" name="terminateBrowser" finished-at="2022-12-05T15:27:07Z" duration-ms="213" status="PASS">
          <reporter-output>
          </reporter-output>
        </test-method> <!-- terminateBrowser -->
      </class> <!-- com.smartcitywebadmin.AdminloginClass -->
    </test> <!-- Default test -->
  </suite> <!-- Default suite -->
</testng-results>
