<?xml version="1.0" encoding="UTF-8"?>
<!-- Generated by org.testng.reporters.JUnitXMLReporter -->
<testsuite hostname="DESKTOP-NFCUDP0" failures="0" tests="7" name="Test" time="169.691" errors="0" timestamp="5 Dec 2022 09:47:10 GMT">
  <testcase classname="com.smartcitywebadmin.AdminloginClass" name="CheckPageURL" time="0.014"/>
  <testcase classname="com.smartcitywebadmin.AdminloginClass" name="forgottpasswordLink" time="0.027"/>
  <testcase classname="com.smartcitywebadmin.AdminloginClass" name="InsertCredentials" time="1.438"/>
  <testcase classname="com.smartcitywebadmin.AdminloginClass" name="ParkingDashboard" time="10.316"/>
  <testcase classname="com.smartcitywebadmin.AdminloginClass" name="createcountry" time="33.826"/>
  <testcase classname="com.smartcitywebadmin.AdminloginClass" name="DeleteCountry" time="72.723"/>
  <testcase classname="com.smartcitywebadmin.AdminloginClass" name="Logout_successfully" time="0.246"/>
</testsuite> <!-- Test -->
